Error: Estas coordenadas no son validas para este mapa

bcn
bil
mad

[$] [$] [$] [$] [$] [$] [$] [$] [$] [$] 
[$] [$] [$] [$] [$] [$] [$] [$] [$] [$] 
[$] [$] [$] [$] [$] [$] [$] [$] [$] [$] 
[$] [$] [$] [null] [null] [null] [$] [$] [$] [$] 
[$] [$] [$] [null] [bil] [null] [$] [$] [$] [$] 
[$] [$] [$] [null] [bcn] [mad] [$] [$] [$] [$] 
[$] [$] [$] [$] [$] [$] [$] [$] [$] [$] 
[$] [$] [$] [$] [$] [$] [$] [$] [$] [$] 
[$] [$] [$] [$] [$] [$] [$] [$] [$] [$] 
[$] [$] [$] [$] [$] [$] [$] [$] [$] [$] 


Error: Este elemento no existe

mad 5 5

bil
mad

[$] [$] [$] [$] [$] [$] [$] [$] [$] [$] 
[$] [$] [$] [$] [$] [$] [$] [$] [$] [$] 
[$] [$] [$] [$] [$] [$] [$] [$] [$] [$] 
[$] [$] [$] [null] [null] [null] [$] [$] [$] [$] 
[$] [$] [$] [bil] [null] [null] [$] [$] [$] [$] 
[$] [$] [$] [null] [null] [mad] [$] [$] [$] [$] 
[$] [$] [$] [$] [$] [$] [$] [$] [$] [$] 
[$] [$] [$] [$] [$] [$] [$] [$] [$] [$] 
[$] [$] [$] [$] [$] [$] [$] [$] [$] [$] 
[$] [$] [$] [$] [$] [$] [$] [$] [$] [$] 


Error: Este elemento ya existe

bcn
bil
mad

[$] [$] [$] [$] [$] [$] [$] [$] [$] [$] 
[$] [$] [$] [$] [$] [$] [$] [$] [$] [$] 
[$] [$] [$] [$] [$] [$] [$] [$] [$] [$] 
[$] [$] [$] [null] [null] [null] [$] [$] [$] [$] 
[$] [$] [$] [bil] [null] [null] [$] [$] [$] [$] 
[$] [$] [$] [null] [bcn] [mad] [$] [$] [$] [$] 
[$] [$] [$] [$] [$] [$] [$] [$] [$] [$] 
[$] [$] [$] [$] [$] [$] [$] [$] [$] [$] 
[$] [$] [$] [$] [$] [$] [$] [$] [$] [$] 
[$] [$] [$] [$] [$] [$] [$] [$] [$] [$] 


Error: Este elemento ya existe

bcn mad bmw 5
bcn mad renault 2


bcn mad bmw 5
bcn mad renault 2
mad bcn bmw 7


bcn mad bmw 5
bcn mad renault 2
mad bcn bmw 7
mad bcn renault 10


bcn mad bmw 5
bcn mad renault 2
mad bcn bmw 7
mad bcn renault 10


mad bcn bmw 7 mad bcn renault 10 

bcn mad bmw 5
bcn mad renault 2
mad bcn renault 10


mad bcn renault 10 

bcn mad renault 2
bcn mad bmw 99
mad bcn renault 10


mad bcn renault 10 

bcn mad renault 2 bcn mad bmw 99 

bcn mad renault 2
bcn mad bmw 99


mad bcn renault 10




Error: Este elemento no existe

[$] [$] [$] [$] [$] [$] [$] [$] [$] [$] 
[$] [$] [$] [$] [$] [$] [$] [$] [$] [$] 
[$] [$] [$] [$] [$] [$] [$] [$] [$] [$] 
[$] [$] [$] [null] [null] [null] [$] [$] [$] [$] 
[$] [$] [$] [bil] [null] [null] [$] [$] [$] [$] 
[$] [$] [$] [null] [null] [mad] [$] [$] [$] [$] 
[$] [$] [$] [$] [$] [$] [$] [$] [$] [$] 
[$] [$] [$] [$] [$] [$] [$] [$] [$] [$] 
[$] [$] [$] [$] [$] [$] [$] [$] [$] [$] 
[$] [$] [$] [$] [$] [$] [$] [$] [$] [$] 


bcn
bil
mad


// compribar si sigue siendo asi
bcn 4 5
bil 3 4
mad 5 5
bil 5 mad bmw
mad 3 bil bmw
bcn
bil
mad

bil mad bmw 5
mad bil bmw 3
